The target system is: Windows - 1 - 
The host system is: Windows - 10.0.14393 - AMD64
Compiling the C compiler identification source file "CMakeCCompilerId.c" succeeded.
Compiler: C:/MinGW/mingw64/bin/x86_64-w64-mingw32-gcc.exe 
Build flags: 
Id flags: 

The output was:
0


Compilation of the C compiler identification source "CMakeCCompilerId.c" produced "a.exe"

The C compiler identification is GNU, found in "C:/Users/Joonas/ClionProjects/OpenGL/glfw/CMakeFiles/3.7.0-rc1/CompilerIdC/a.exe"

Compiling the C compiler identification source file "CMakeCCompilerId.c" succeeded.
Compiler: C:/MinGW/mingw64/bin/x86_64-w64-mingw32-gcc.exe 
Build flags: 
Id flags: 

The output was:
0


Compilation of the C compiler identification source "CMakeCCompilerId.c" produced "a.exe"

The C compiler identification is GNU, found in "C:/Users/Joonas/ClionProjects/OpenGL/glfw/CMakeFiles/3.7.0-rc1/CompilerIdC/a.exe"

Compiling the C compiler identification source file "CMakeCCompilerId.c" succeeded.
Compiler: C:/MinGW/mingw64/bin/x86_64-w64-mingw32-gcc.exe 
Build flags: 
Id flags: 

The output was:
0


Compilation of the C compiler identification source "CMakeCCompilerId.c" produced "a.exe"

The C compiler identification is GNU, found in "C:/Users/Joonas/ClionProjects/OpenGL/glfw/CMakeFiles/3.7.0-rc1/CompilerIdC/a.exe"

Compiling the C compiler identification source file "CMakeCCompilerId.c" succeeded.
Compiler: C:/MinGW/mingw64/bin/x86_64-w64-mingw32-gcc.exe 
Build flags: 
Id flags: 

The output was:
0


Compilation of the C compiler identification source "CMakeCCompilerId.c" produced "a.exe"

The C compiler identification is GNU, found in "C:/Users/Joonas/ClionProjects/OpenGL/glfw/CMakeFiles/3.7.0-rc1/CompilerIdC/a.exe"

Compiling the C compiler identification source file "CMakeCCompilerId.c" succeeded.
Compiler: C:/MinGW/mingw64/bin/x86_64-w64-mingw32-gcc.exe 
Build flags: 
Id flags: 

The output was:
0


Compilation of the C compiler identification source "CMakeCCompilerId.c" produced "a.exe"

The C compiler identification is GNU, found in "C:/Users/Joonas/ClionProjects/OpenGL/glfw/CMakeFiles/3.7.0-rc1/CompilerIdC/a.exe"

Compiling the C compiler identification source file "CMakeCCompilerId.c" succeeded.
Compiler: C:/MinGW/mingw64/bin/x86_64-w64-mingw32-gcc.exe 
Build flags: 
Id flags: 

The output was:
0


Compilation of the C compiler identification source "CMakeCCompilerId.c" produced "a.exe"

The C compiler identification is GNU, found in "C:/Users/Joonas/ClionProjects/OpenGL/glfw/CMakeFiles/3.7.0-rc1/CompilerIdC/a.exe"

Compiling the C compiler identification source file "CMakeCCompilerId.c" succeeded.
Compiler: C:/MinGW/mingw64/bin/x86_64-w64-mingw32-gcc.exe 
Build flags: 
Id flags: 

The output was:
0


Compilation of the C compiler identification source "CMakeCCompilerId.c" produced "a.exe"

The C compiler identification is GNU, found in "C:/Users/Joonas/ClionProjects/OpenGL/glfw/CMakeFiles/3.7.0-rc1/CompilerIdC/a.exe"

